# JRE version: OpenJDK Runtime Environment Microsoft-8035250 (11.0.20+8) (build 11.0.20+8-LTS)
# Java VM: OpenJDK 64-Bit Server VM Microsoft-8035250 (11.0.20+8-LTS, mixed mode, tiered, compressed oops, g1 gc, windows-amd64)
Heap:
 garbage-first heap   total 522240K, used 93621K [0x0000000080000000, 0x0000000100000000)
  region size 1024K, 73 young (74752K), 6 survivors (6144K)
 Metaspace       used 41305K, capacity 42471K, committed 42704K, reserved 555008K
  class space    used 5148K, capacity 5573K, committed 5632K, reserved 516096K
GC Heap History (10 events):
Event: 5.747 GC heap before
{Heap before GC invocations=0 (full 0):
 garbage-first heap   total 522240K, used 28672K [0x0000000080000000, 0x0000000100000000)
  region size 1024K, 25 young (25600K), 0 survivors (0K)
 Metaspace       used 10124K, capacity 10327K, committed 10624K, reserved 526336K
  class space    used 1031K, capacity 1106K, committed 1152K, reserved 516096K
}
Event: 9.293 GC heap after
{Heap after GC invocations=1 (full 0):
 garbage-first heap   total 522240K, used 10603K [0x0000000080000000, 0x0000000100000000)
  region size 1024K, 4 young (4096K), 4 survivors (4096K)
 Metaspace       used 10124K, capacity 10327K, committed 10624K, reserved 526336K
  class space    used 1031K, capacity 1106K, committed 1152K, reserved 516096K
}
Event: 52.655 GC heap before
{Heap before GC invocations=1 (full 0):
 garbage-first heap   total 522240K, used 95595K [0x0000000080000000, 0x0000000100000000)
  region size 1024K, 87 young (89088K), 4 survivors (4096K)
 Metaspace       used 20541K, capacity 21010K, committed 21248K, reserved 536576K
  class space    used 2392K, capacity 2544K, committed 2560K, reserved 516096K
}
Event: 52.669 GC heap after
{Heap after GC invocations=2 (full 0):
 garbage-first heap   total 522240K, used 17717K [0x0000000080000000, 0x0000000100000000)
  region size 1024K, 11 young (11264K), 11 survivors (11264K)
 Metaspace       used 20541K, capacity 21010K, committed 21248K, reserved 536576K
  class space    used 2392K, capacity 2544K, committed 2560K, reserved 516096K
}
Event: 56.316 GC heap before
{Heap before GC invocations=3 (full 0):
 garbage-first heap   total 522240K, used 32053K [0x0000000080000000, 0x0000000100000000)
  region size 1024K, 25 young (25600K), 11 survivors (11264K)
 Metaspace       used 21998K, capacity 22510K, committed 22780K, reserved 536576K
  class space    used 2617K, capacity 2790K, committed 2816K, reserved 516096K
}
Event: 56.321 GC heap after
{Heap after GC invocations=4 (full 0):
 garbage-first heap   total 522240K, used 19024K [0x0000000080000000, 0x0000000100000000)
  region size 1024K, 1 young (1024K), 1 survivors (1024K)
 Metaspace       used 21998K, capacity 22510K, committed 22780K, reserved 536576K
  class space    used 2617K, capacity 2790K, committed 2816K, reserved 516096K
}
Event: 61.873 GC heap before
{Heap before GC invocations=4 (full 0):
 garbage-first heap   total 522240K, used 81488K [0x0000000080000000, 0x0000000100000000)
  region size 1024K, 62 young (63488K), 1 survivors (1024K)
 Metaspace       used 27918K, capacity 28535K, committed 28668K, reserved 542720K
  class space    used 3556K, capacity 3806K, committed 3840K, reserved 516096K
}
Event: 61.876 GC heap after
{Heap after GC invocations=5 (full 0):
 garbage-first heap   total 522240K, used 21001K [0x0000000080000000, 0x0000000100000000)
  region size 1024K, 3 young (3072K), 3 survivors (3072K)
 Metaspace       used 27918K, capacity 28535K, committed 28668K, reserved 542720K
  class space    used 3556K, capacity 3806K, committed 3840K, reserved 516096K
}
Event: 68.800 GC heap before
{Heap before GC invocations=5 (full 0):
 garbage-first heap   total 522240K, used 80393K [0x0000000080000000, 0x0000000100000000)
  region size 1024K, 62 young (63488K), 3 survivors (3072K)
 Metaspace       used 35071K, capacity 35958K, committed 36048K, reserved 548864K
  class space    used 4452K, capacity 4814K, committed 4864K, reserved 516096K
}
Event: 68.813 GC heap after
{Heap after GC invocations=6 (full 0):
 garbage-first heap   total 522240K, used 23989K [0x0000000080000000, 0x0000000100000000)
  region size 1024K, 6 young (6144K), 6 survivors (6144K)
 Metaspace       used 35071K, capacity 35958K, committed 36048K, reserved 548864K
  class space    used 4452K, capacity 4814K, committed 4864K, reserved 516096K
}

