# JRE version: OpenJDK Runtime Environment Microsoft-8035250 (11.0.20+8) (build 11.0.20+8-LTS)
# Java VM: OpenJDK 64-Bit Server VM Microsoft-8035250 (11.0.20+8-LTS, mixed mode, tiered, compressed oops, g1 gc, windows-amd64)
Heap:
 garbage-first heap   total 522240K, used 98019K [0x0000000080000000, 0x0000000100000000)
  region size 1024K, 76 young (77824K), 6 survivors (6144K)
 Metaspace       used 41678K, capacity 42796K, committed 42832K, reserved 555008K
  class space    used 5209K, capacity 5617K, committed 5632K, reserved 516096K
GC Heap History (12 events):
Event: 12.037 GC heap before
{Heap before GC invocations=0 (full 0):
 garbage-first heap   total 522240K, used 29696K [0x0000000080000000, 0x0000000100000000)
  region size 1024K, 25 young (25600K), 0 survivors (0K)
 Metaspace       used 10157K, capacity 10331K, committed 10624K, reserved 526336K
  class space    used 1037K, capacity 1106K, committed 1152K, reserved 516096K
}
Event: 14.082 GC heap after
{Heap after GC invocations=1 (full 0):
 garbage-first heap   total 522240K, used 10687K [0x0000000080000000, 0x0000000100000000)
  region size 1024K, 4 young (4096K), 4 survivors (4096K)
 Metaspace       used 10157K, capacity 10331K, committed 10624K, reserved 526336K
  class space    used 1037K, capacity 1106K, committed 1152K, reserved 516096K
}
Event: 19.597 GC heap before
{Heap before GC invocations=1 (full 0):
 garbage-first heap   total 522240K, used 34239K [0x0000000080000000, 0x0000000100000000)
  region size 1024K, 27 young (27648K), 4 survivors (4096K)
 Metaspace       used 11243K, capacity 11510K, committed 11776K, reserved 528384K
  class space    used 1148K, capacity 1243K, committed 1280K, reserved 516096K
}
Event: 19.601 GC heap after
{Heap after GC invocations=2 (full 0):
 garbage-first heap   total 522240K, used 11507K [0x0000000080000000, 0x0000000100000000)
  region size 1024K, 1 young (1024K), 1 survivors (1024K)
 Metaspace       used 11243K, capacity 11510K, committed 11776K, reserved 528384K
  class space    used 1148K, capacity 1243K, committed 1280K, reserved 516096K
}
Event: 62.632 GC heap before
{Heap before GC invocations=2 (full 0):
 garbage-first heap   total 522240K, used 66803K [0x0000000080000000, 0x0000000100000000)
  region size 1024K, 54 young (55296K), 1 survivors (1024K)
 Metaspace       used 19795K, capacity 20208K, committed 20480K, reserved 534528K
  class space    used 2281K, capacity 2442K, committed 2560K, reserved 516096K
}
Event: 62.657 GC heap after
{Heap after GC invocations=3 (full 0):
 garbage-first heap   total 522240K, used 18195K [0x0000000080000000, 0x0000000100000000)
  region size 1024K, 7 young (7168K), 7 survivors (7168K)
 Metaspace       used 19795K, capacity 20208K, committed 20480K, reserved 534528K
  class space    used 2281K, capacity 2442K, committed 2560K, reserved 516096K
}
Event: 62.850 GC heap before
{Heap before GC invocations=3 (full 0):
 garbage-first heap   total 522240K, used 27411K [0x0000000080000000, 0x0000000100000000)
  region size 1024K, 17 young (17408K), 7 survivors (7168K)
 Metaspace       used 20749K, capacity 21137K, committed 21296K, reserved 536576K
  class space    used 2439K, capacity 2608K, committed 2688K, reserved 516096K
}
Event: 62.863 GC heap after
{Heap after GC invocations=4 (full 0):
 garbage-first heap   total 522240K, used 18831K [0x0000000080000000, 0x0000000100000000)
  region size 1024K, 1 young (1024K), 1 survivors (1024K)
 Metaspace       used 20749K, capacity 21137K, committed 21296K, reserved 536576K
  class space    used 2439K, capacity 2608K, committed 2688K, reserved 516096K
}
Event: 65.584 GC heap before
{Heap before GC invocations=5 (full 0):
 garbage-first heap   total 522240K, used 80271K [0x0000000080000000, 0x0000000100000000)
  region size 1024K, 61 young (62464K), 1 survivors (1024K)
 Metaspace       used 26527K, capacity 27135K, committed 27440K, reserved 540672K
  class space    used 3361K, capacity 3589K, committed 3712K, reserved 516096K
}
Event: 65.626 GC heap after
{Heap after GC invocations=6 (full 0):
 garbage-first heap   total 522240K, used 20998K [0x0000000080000000, 0x0000000100000000)
  region size 1024K, 3 young (3072K), 3 survivors (3072K)
 Metaspace       used 26527K, capacity 27135K, committed 27440K, reserved 540672K
  class space    used 3361K, capacity 3589K, committed 3712K, reserved 516096K
}
Event: 70.327 GC heap before
{Heap before GC invocations=6 (full 0):
 garbage-first heap   total 522240K, used 91654K [0x0000000080000000, 0x0000000100000000)
  region size 1024K, 73 young (74752K), 3 survivors (3072K)
 Metaspace       used 34979K, capacity 35801K, committed 35920K, reserved 548864K
  class space    used 4442K, capacity 4782K, committed 4864K, reserved 516096K
}
Event: 70.338 GC heap after
{Heap after GC invocations=7 (full 0):
 garbage-first heap   total 522240K, used 24291K [0x0000000080000000, 0x0000000100000000)
  region size 1024K, 6 young (6144K), 6 survivors (6144K)
 Metaspace       used 34979K, capacity 35801K, committed 35920K, reserved 548864K
  class space    used 4442K, capacity 4782K, committed 4864K, reserved 516096K
}

